<?xml version="1.0" encoding="UTF-8" ?>
<testsuites name="vitest tests" tests="8" failures="0" errors="0" time="0.0078926">
    <testsuite name="src/utils/colorUtils.test.ts" timestamp="2026-02-04T06:29:57.648Z" hostname="DESKTOP-9CUTRIS" tests="8" failures="0" errors="0" skipped="0" time="0.0078926">
        <testcase classname="src/utils/colorUtils.test.ts" name="colorUtils &gt; getExpiryColorClass &gt; 期限切れは赤" time="0.0023656">
        </testcase>
        <testcase classname="src/utils/colorUtils.test.ts" name="colorUtils &gt; getExpiryColorClass &gt; 2日以内はオレンジ" time="0.0004035">
        </testcase>
        <testcase classname="src/utils/colorUtils.test.ts" name="colorUtils &gt; getExpiryColorClass &gt; 1週間以内は黄色" time="0.0004009">
        </testcase>
        <testcase classname="src/utils/colorUtils.test.ts" name="colorUtils &gt; getExpiryColorClass &gt; それ以外は緑" time="0.0005085">
        </testcase>
        <testcase classname="src/utils/colorUtils.test.ts" name="colorUtils &gt; getExpiryBadgeText &gt; 期限切れ" time="0.0004416">
        </testcase>
        <testcase classname="src/utils/colorUtils.test.ts" name="colorUtils &gt; getExpiryBadgeText &gt; 今日期限" time="0.0003543">
        </testcase>
        <testcase classname="src/utils/colorUtils.test.ts" name="colorUtils &gt; getExpiryBadgeText &gt; 明日期限" time="0.0002695">
        </testcase>
        <testcase classname="src/utils/colorUtils.test.ts" name="colorUtils &gt; getExpiryBadgeText &gt; あとN日" time="0.000144">
        </testcase>
    </testsuite>
</testsuites>
